#
# A fatal error has been detected by the Java Runtime Environment:
#
#  SIGILL (0x4) at pc=0x00007fff9a992e50, pid=11145, tid=2571
#
# JRE version: Java(TM) SE Runtime Environment (8.0_51-b16) (build 1.8.0_51-b16)
# Java VM: Java HotSpot(TM) 64-Bit Server VM (25.51-b03 mixed mode bsd-amd64 compressed oops)
# Problematic frame:
# C  [libobjc.A.dylib+0x15e50]  _objc_trap()+0x0
#
# Failed to write core dump. Core dumps have been disabled. To enable core dumping, try "ulimit -c unlimited" before starting Java again
#
# If you would like to submit a bug report, please visit:
#   http://bugreport.java.com/bugreport/crash.jsp
# The crash happened outside the Java Virtual Machine in native code.
# See problematic frame for where to report the bug.
#

---------------  T H R E A D  ---------------

Current thread (0x00007f9c4c01c800):  JavaThread "AppKit Thread" daemon [_thread_in_native, id=2571, stack(0x00007fff55543000,0x00007fff55d43000)]

siginfo: si_signo: 4 (SIGILL), si_code: 1 (ILL_ILLOPC), si_addr: 0x00007fff9a992e50

Registers:
RAX=0x0000000000000000, RBX=0x00007f9c4a434ca0, RCX=0x0000000000000000, RDX=0x00007fff7d90dc30
RSP=0x00007fff55d3e308, RBP=0x00007fff55d3e3f0, RSI=0x0000010000000100, RDI=0x00007fff7d90dc10
R8 =0x00000000fffffffc, R9 =0x00007fff7d90dc28, R10=0x00000000ffffffff, R11=0x0000000000000140
R12=0x0000000000000001, R13=0x0000000000000000, R14=0x00007fff7d9134a8, R15=0x00007f9c4a6a8df8
RIP=0x00007fff9a992e50, EFLAGS=0x0000000000010206, ERR=0x0000000000000000
  TRAPNO=0x0000000000000006

Top of Stack: (sp=0x00007fff55d3e308)
0x00007fff55d3e308:   00007fff9a992f90 00007f9c4a6e6080
0x00007fff55d3e318:   00007f9c4a434ca0 00007fff952c0d9c
0x00007fff55d3e328:   00007fff952c0d9c 000000000000005f
0x00007fff55d3e338:   00007f9c4a434ca0 00007fff55d3e370
0x00007fff55d3e348:   00007fff9a985edf 00007fff55d3e3b0
0x00007fff55d3e358:   00007fff9a988e15 00007fff7d913490
0x00007fff55d3e368:   0000000000000001 00007fff55d3e3d0
0x00007fff55d3e378:   00007f9c4a6a8df8 00007fff55d3e3b0
0x00007fff55d3e388:   00007fff952c0d9c 00007fff952c0d9c
0x00007fff55d3e398:   0000000000000000 00007fff7ca2aa38
0x00007fff55d3e3a8:   00007f9c4a6a8df8 00007fff55d3e3f0
0x00007fff55d3e3b8:   00007fff9a988d80 00007f9c4cc60550
0x00007fff55d3e3c8:   00007f9c4cc60420 0000003000000018
0x00007fff55d3e3d8:   00007fff55d3e400 00007fff55d3e310
0x00007fff55d3e3e8:   00007f9c4a6a8df8 00007fff55d3e450
0x00007fff55d3e3f8:   00007fff9a989bd7 00007fff7d911e80
0x00007fff55d3e408:   00007fff7d913e00 00007fff55d3e490
0x00007fff55d3e418:   00007fff9a9899ee 00007fff55d3e440
0x00007fff55d3e428:   00007fff7d911e80 00007f9c4a6a8df8
0x00007fff55d3e438:   0000000000000000 00007fff7d913480
0x00007fff55d3e448:   0000000000000000 00007fff55d3e4d0
0x00007fff55d3e458:   00007fff9a989966 ffff8063b5aa07d0
0x00007fff55d3e468:   00007f9c4a6aeaf0 0000000000001600
0x00007fff55d3e478:   0000000000000000 0000000000000000
0x00007fff55d3e488:   0000000000000000 00007f9c4a434ca0
0x00007fff55d3e498:   000000000000002c 0000000000000005
0x00007fff55d3e4a8:   00007f9c4a55f830 0000000000000000
0x00007fff55d3e4b8:   00007f9c4a53d310 00007f9c4a6aeaf0
0x00007fff55d3e4c8:   00007f9c4a434ca0 00007fff55d3e510
0x00007fff55d3e4d8:   00007fff98b3d973 00007f9c4a55f830
0x00007fff55d3e4e8:   0000000000000000 00007f9c4a434ca0
0x00007fff55d3e4f8:   00007fff9a97e4c0 00007f9c4a55f830 

Instructions: (pc=0x00007fff9a992e50)
0x00007fff9a992e30:   df e8 62 d8 00 00 bf 02 00 00 00 48 89 de 48 89
0x00007fff9a992e40:   c2 e8 b2 d8 00 00 48 81 c4 98 00 00 00 5b 5d c3
0x00007fff9a992e50:   0f 0b 55 48 89 e5 48 81 ec d0 00 00 00 84 c0 74
0x00007fff9a992e60:   26 0f 29 85 60 ff ff ff 0f 29 8d 70 ff ff ff 0f 

Register to memory mapping:

RAX=0x0000000000000000 is an unknown value
RBX=0x00007f9c4a434ca0 is an unknown value
RCX=0x0000000000000000 is an unknown value
RDX=0x00007fff7d90dc30: _ZZL14_objc_crashlogPKcE13crashlog_lock+0x20 in /usr/lib/libobjc.A.dylib at 0x00007fff9a97d000
RSP=0x00007fff55d3e308 is pointing into the stack for thread: 0x00007f9c4c01c800
RBP=0x00007fff55d3e3f0 is pointing into the stack for thread: 0x00007f9c4c01c800
RSI=0x0000010000000100 is an unknown value
RDI=0x00007fff7d90dc10: _ZZL14_objc_crashlogPKcE13crashlog_lock+0 in /usr/lib/libobjc.A.dylib at 0x00007fff9a97d000
R8 =0x00000000fffffffc is an unknown value
R9 =0x00007fff7d90dc28: _ZZL14_objc_crashlogPKcE13crashlog_lock+0x18 in /usr/lib/libobjc.A.dylib at 0x00007fff9a97d000
R10=0x00000000ffffffff is an unknown value
R11=0x0000000000000140 is an unknown value
R12=0x0000000000000001 is an unknown value
R13=0x0000000000000000 is an unknown value
R14=0x00007fff7d9134a8: _ZN12_GLOBAL__N_1L12SideTableBufE+0x1628 in /usr/lib/libobjc.A.dylib at 0x00007fff9a97d000
R15=0x00007f9c4a6a8df8 is an unknown value


Stack: [0x00007fff55543000,0x00007fff55d43000],  sp=0x00007fff55d3e308,  free space=8172k
Native frames: (J=compiled Java code, j=interpreted, Vv=VM code, C=native code)
C  [libobjc.A.dylib+0x15e50]  _objc_trap()+0x0
C  [libobjc.A.dylib+0xcbd7]  weak_register_no_lock+0xde
C  [libobjc.A.dylib+0xc966]  objc_storeWeak+0x18b
C  [Foundation+0x19973]  -[NSConcreteMapTable setObject:forKey:]+0x6e
C  [AppKit+0x345f6a]  -[NSView(NSOpenGLContextAssociation) _setOpenGLContext:]+0xf2
C  [AppKit+0x6856dd]  __27-[NSOpenGLContext setView:]_block_invoke+0xd6
C  [AppKit+0x183325]  NSPerformVisuallyAtomicChange+0x93
C  [AppKit+0x345c0d]  -[NSOpenGLContext setView:]+0x77
C  [liblwjgl.dylib+0xa586]  -[MacOSXOpenGLView lockFocus]+0x76
C  [AppKit+0x1a8797]  -[NSView _recursiveDisplayRectIfNeededIgnoringOpacity:isVisibleRect:rectIsVisibleRectForView:topView:]+0x6e2
C  [AppKit+0x1a9785]  -[NSView _recursiveDisplayRectIfNeededIgnoringOpacity:isVisibleRect:rectIsVisibleRectForView:topView:]+0x16d0
C  [AppKit+0x1a7be0]  -[NSThemeFrame _recursiveDisplayRectIfNeededIgnoringOpacity:isVisibleRect:rectIsVisibleRectForView:topView:]+0x14e
C  [AppKit+0x1a5feb]  -[NSView _displayRectIgnoringOpacity:isVisibleRect:rectIsVisibleRectForView:]+0x991
C  [AppKit+0x1a13f5]  -[NSView displayIfNeeded]+0x79e
C  [AppKit+0x1a0c3c]  -[NSWindow displayIfNeeded]+0xe8
C  [AppKit+0x82541b]  ___NSWindowGetDisplayCycleObserver_block_invoke6365+0x1dc
C  [AppKit+0x1a05d6]  __37+[NSDisplayCycle currentDisplayCycle]_block_invoke+0x3ad
C  [QuartzCore+0x10f71]  CA::Transaction::run_commit_handlers(CATransactionPhase)+0x55
C  [QuartzCore+0x1042c]  CA::Context::commit_transaction(CA::Transaction*)+0xa0
C  [QuartzCore+0x100ec]  CA::Transaction::commit()+0x1fc
C  [QuartzCore+0x1b977]  CA::Transaction::observer_callback(__CFRunLoopObserver*, unsigned long, void*)+0x47
C  [CoreFoundation+0xaa067]  __CFRUNLOOP_IS_CALLING_OUT_TO_AN_OBSERVER_CALLBACK_FUNCTION__+0x17
C  [CoreFoundation+0xa9fd7]  __CFRunLoopDoObservers+0x187
C  [CoreFoundation+0x88ef8]  CFRunLoopRunSpecific+0x148
C  [HIToolbox+0x30935]  RunCurrentEventLoopInMode+0xeb
C  [HIToolbox+0x30677]  ReceiveNextEventCommon+0xb8
C  [HIToolbox+0x305af]  _BlockUntilNextEventMatchingListInModeWithFilter+0x47
C  [AppKit+0x48df6]  _DPSNextEvent+0x42b
C  [AppKit+0x48226]  -[NSApplication _nextEventMatchingEventMask:untilDate:inMode:dequeue:]+0x1c6
C  [libosxapp.dylib+0x242a]  -[NSApplicationAWT nextEventMatchingMask:untilDate:inMode:dequeue:]+0x7c
C  [AppKit+0x3cd80]  -[NSApplication run]+0x2aa
C  [libosxapp.dylib+0x223e]  +[NSApplicationAWT runAWTLoopWithApp:]+0x9c
C  [libawt_lwawt.dylib+0x4454b]  -[AWTStarter starter:]+0x389
C  [Foundation+0x76fde]  __NSThreadPerformPerform+0x117
C  [CoreFoundation+0xaa881]  __CFRUNLOOP_IS_CALLING_OUT_TO_A_SOURCE0_PERFORM_FUNCTION__+0x11
C  [CoreFoundation+0x89fbc]  __CFRunLoopDoSources0+0x22c
C  [CoreFoundation+0x894df]  __CFRunLoopRun+0x39f
C  [CoreFoundation+0x88ed8]  CFRunLoopRunSpecific+0x128
C  [java+0x6463]  CreateExecutionEnvironment+0x367
C  [java+0x21ac]  JLI_Launch+0x7a0
C  [java+0x84c0]  main+0x65
C  [java+0x1a04]  start+0x34
C  0x0000000000000006


---------------  P R O C E S S  ---------------

Java Threads: ( => current thread )
  0x00007f9c4b888800 JavaThread "AWT-Shutdown" [_thread_blocked, id=29715, stack(0x0000700001150000,0x0000700001250000)]
=>0x00007f9c4c01c800 JavaThread "AppKit Thread" daemon [_thread_in_native, id=2571, stack(0x00007fff55543000,0x00007fff55d43000)]
  0x00007f9c4b840000 JavaThread "Service Thread" daemon [_thread_blocked, id=18691, stack(0x0000700000e44000,0x0000700000f44000)]
  0x00007f9c4c02c000 JavaThread "C1 CompilerThread2" daemon [_thread_blocked, id=18179, stack(0x0000700000d41000,0x0000700000e41000)]
  0x00007f9c4c020800 JavaThread "C2 CompilerThread1" daemon [_thread_blocked, id=17667, stack(0x0000700000c3e000,0x0000700000d3e000)]
  0x00007f9c4c01f800 JavaThread "C2 CompilerThread0" daemon [_thread_blocked, id=17155, stack(0x0000700000b3b000,0x0000700000c3b000)]
  0x00007f9c4c00f000 JavaThread "Signal Dispatcher" daemon [_thread_blocked, id=13839, stack(0x0000700000a38000,0x0000700000b38000)]
  0x00007f9c4b021000 JavaThread "Finalizer" daemon [_thread_blocked, id=12291, stack(0x000070000082f000,0x000070000092f000)]
  0x00007f9c4b020000 JavaThread "Reference Handler" daemon [_thread_blocked, id=11779, stack(0x000070000072c000,0x000070000082c000)]
  0x00007f9c4b807800 JavaThread "main" [_thread_in_native, id=5891, stack(0x000070000011a000,0x000070000021a000)]

Other Threads:
  0x00007f9c4b01d800 VMThread [stack: 0x0000700000629000,0x0000700000729000] [id=11267]
  0x00007f9c4b840800 WatcherThread [stack: 0x0000700000f47000,0x0000700001047000] [id=19203]

VM state:not at safepoint (normal execution)

VM Mutex/Monitor currently owned by a thread: None

Heap:
 PSYoungGen      total 38400K, used 13557K [0x0000000795580000, 0x0000000798000000, 0x00000007c0000000)
  eden space 33280K, 40% used [0x0000000795580000,0x00000007962bd4c0,0x0000000797600000)
  from space 5120K, 0% used [0x0000000797b00000,0x0000000797b00000,0x0000000798000000)
  to   space 5120K, 0% used [0x0000000797600000,0x0000000797600000,0x0000000797b00000)
 ParOldGen       total 87552K, used 0K [0x0000000740000000, 0x0000000745580000, 0x0000000795580000)
  object space 87552K, 0% used [0x0000000740000000,0x0000000740000000,0x0000000745580000)
 Metaspace       used 7013K, capacity 7211K, committed 7552K, reserved 1056768K
  class space    used 705K, capacity 792K, committed 896K, reserved 1048576K

Card table byte_map: [0x000000011ad29000,0x000000011b12a000] byte_map_base: 0x0000000117329000

Marking Bits: (ParMarkBitMap*) 0x000000010b2c27a0
 Begin Bits: [0x000000011b3d5000, 0x000000011d3d5000)
 End Bits:   [0x000000011d3d5000, 0x000000011f3d5000)

Polling page: 0x000000010a180000

CodeCache: size=245760Kb used=2960Kb max_used=2971Kb free=242799Kb
 bounds [0x000000010b969000, 0x000000010bc59000, 0x000000011a969000]
 total_blobs=1120 nmethods=729 adapters=305
 compilation: enabled

Compilation events (10 events):
Event: 3.637 Thread 0x00007f9c4c020800  725       4       java.lang.String::getChars (62 bytes)
Event: 3.640 Thread 0x00007f9c4c020800 nmethod 725 0x000000010bc4f910 code [0x000000010bc4fa60, 0x000000010bc4fbd8]
Event: 3.703 Thread 0x00007f9c4c01f800  726       4       java.lang.AbstractStringBuilder::append (50 bytes)
Event: 3.710 Thread 0x00007f9c4c01f800 nmethod 726 0x000000010bc4db90 code [0x000000010bc4dd00, 0x000000010bc4e0d8]
Event: 3.891 Thread 0x00007f9c4c020800  727       4       java.util.HashMap$HashIterator::<init> (79 bytes)
Event: 3.897 Thread 0x00007f9c4c020800 nmethod 727 0x000000010bc4d5d0 code [0x000000010bc4d720, 0x000000010bc4da18]
Event: 4.004 Thread 0x00007f9c4c02c000  728       3       sun.awt.AWTAutoShutdown::isReadyToShutdown (37 bytes)
Event: 4.004 Thread 0x00007f9c4c02c000 nmethod 728 0x000000010bc4cf90 code [0x000000010bc4d120, 0x000000010bc4d4d8]
Event: 4.056 Thread 0x00007f9c4c01f800  729       4       java.nio.DirectIntBufferU::get (16 bytes)
Event: 4.058 Thread 0x00007f9c4c01f800 nmethod 729 0x000000010bc4fd50 code [0x000000010bc4fea0, 0x000000010bc4ff58]

GC Heap History (0 events):
No events

Deoptimization events (1 events):
Event: 0.434 Thread 0x00007f9c4c01c800 Uncommon trap: reason=unstable_if action=reinterpret pc=0x000000010bab5640 method=java.lang.String.indexOf(II)I @ 49

Internal exceptions (10 events):
Event: 0.140 Thread 0x00007f9c4b807800 Exception <a 'java/security/PrivilegedActionException'> (0x00000007957b49b8) thrown at [/Users/java_re/workspace/8-2-build-macosx-x86_64/jdk8u51/3951/hotspot/src/share/vm/prims/jvm.cpp, line 1382]
Event: 0.140 Thread 0x00007f9c4b807800 Exception <a 'java/security/PrivilegedActionException'> (0x00000007957b4b70) thrown at [/Users/java_re/workspace/8-2-build-macosx-x86_64/jdk8u51/3951/hotspot/src/share/vm/prims/jvm.cpp, line 1382]
Event: 0.200 Thread 0x00007f9c4b807800 Exception <a 'java/security/PrivilegedActionException'> (0x00000007958f7e60) thrown at [/Users/java_re/workspace/8-2-build-macosx-x86_64/jdk8u51/3951/hotspot/src/share/vm/prims/jvm.cpp, line 1382]
Event: 0.200 Thread 0x00007f9c4b807800 Exception <a 'java/security/PrivilegedActionException'> (0x00000007958f8018) thrown at [/Users/java_re/workspace/8-2-build-macosx-x86_64/jdk8u51/3951/hotspot/src/share/vm/prims/jvm.cpp, line 1382]
Event: 0.201 Thread 0x00007f9c4b807800 Exception <a 'java/security/PrivilegedActionException'> (0x00000007958fb398) thrown at [/Users/java_re/workspace/8-2-build-macosx-x86_64/jdk8u51/3951/hotspot/src/share/vm/prims/jvm.cpp, line 1382]
Event: 0.201 Thread 0x00007f9c4b807800 Exception <a 'java/security/PrivilegedActionException'> (0x00000007958fb550) thrown at [/Users/java_re/workspace/8-2-build-macosx-x86_64/jdk8u51/3951/hotspot/src/share/vm/prims/jvm.cpp, line 1382]
Event: 0.415 Thread 0x00007f9c4b807800 Exception <a 'java/io/FileNotFoundException'> (0x0000000795900700) thrown at [/Users/java_re/workspace/8-2-build-macosx-x86_64/jdk8u51/3951/hotspot/src/share/vm/prims/jni.cpp, line 709]
Event: 0.415 Thread 0x00007f9c4b807800 Exception <a 'java/io/FileNotFoundException'> (0x0000000795901240) thrown at [/Users/java_re/workspace/8-2-build-macosx-x86_64/jdk8u51/3951/hotspot/src/share/vm/prims/jni.cpp, line 709]
Event: 0.473 Thread 0x00007f9c4c01c800 Exception <a 'java/lang/NoSuchFieldError': method resolution failed> (0x0000000795ae5e38) thrown at [/Users/java_re/workspace/8-2-build-macosx-x86_64/jdk8u51/3951/hotspot/src/share/vm/prims/methodHandles.cpp, line 1125]
Event: 0.476 Thread 0x00007f9c4c01c800 Exception <a 'java/lang/NoSuchFieldError': method resolution failed> (0x0000000795af44d8) thrown at [/Users/java_re/workspace/8-2-build-macosx-x86_64/jdk8u51/3951/hotspot/src/share/vm/prims/methodHandles.cpp, line 1125]

Events (10 events):
Event: 0.939 loading class java/util/HashMap$KeySet
Event: 0.939 loading class java/util/HashMap$KeySet done
Event: 0.939 loading class java/util/HashMap$KeyIterator
Event: 0.939 loading class java/util/HashMap$KeyIterator done
Event: 0.939 loading class org/newdawn/slick/Music
Event: 0.939 loading class org/newdawn/slick/Music done
Event: 0.944 loading class org/newdawn/slick/AngelCodeFont$DisplayList
Event: 0.944 loading class org/newdawn/slick/AngelCodeFont$DisplayList done
Event: 4.136 Executing VM operation: EnableBiasedLocking
Event: 4.136 Executing VM operation: EnableBiasedLocking done


Dynamic libraries:
0x0000000009e7c000 	/System/Library/Frameworks/Cocoa.framework/Versions/A/Cocoa
0x0000000009e7c000 	/System/Library/Frameworks/Security.framework/Versions/A/Security
0x0000000009e7c000 	/System/Library/Frameworks/ApplicationServices.framework/Versions/A/ApplicationServices
0x0000000009e7c000 	/usr/lib/libz.1.dylib
0x0000000009e7c000 	/usr/lib/libSystem.B.dylib
0x0000000009e7c000 	/usr/lib/libobjc.A.dylib
0x0000000009e7c000 	/System/Library/Frameworks/CoreFoundation.framework/Versions/A/CoreFoundation
0x0000000009e7c000 	/System/Library/Frameworks/Foundation.framework/Versions/C/Foundation
0x0000000009e7c000 	/System/Library/Frameworks/AppKit.framework/Versions/C/AppKit
0x0000000009e7c000 	/System/Library/Frameworks/CoreData.framework/Versions/A/CoreData
0x0000000009e7c000 	/System/Library/PrivateFrameworks/RemoteViewServices.framework/Versions/A/RemoteViewServices
0x0000000009e7c000 	/System/Library/PrivateFrameworks/UIFoundation.framework/Versions/A/UIFoundation
0x0000000009e7c000 	/usr/lib/libScreenReader.dylib
0x0000000009e7c000 	/System/Library/Frameworks/Accelerate.framework/Versions/A/Accelerate
0x0000000009e7c000 	/System/Library/Frameworks/IOSurface.framework/Versions/A/IOSurface
0x0000000009e7c000 	/System/Library/Frameworks/AudioToolbox.framework/Versions/A/AudioToolbox
0x0000000009e7c000 	/System/Library/Frameworks/AudioUnit.framework/Versions/A/AudioUnit
0x0000000009e7c000 	/System/Library/PrivateFrameworks/DataDetectorsCore.framework/Versions/A/DataDetectorsCore
0x0000000009e7c000 	/System/Library/PrivateFrameworks/DesktopServicesPriv.framework/Versions/A/DesktopServicesPriv
0x0000000009e7c000 	/System/Library/Frameworks/Carbon.framework/Versions/A/Frameworks/HIToolbox.framework/Versions/A/HIToolbox
0x0000000009e7c000 	/System/Library/Frameworks/QuartzCore.framework/Versions/A/QuartzCore
0x0000000009e7c000 	/System/Library/Frameworks/Carbon.framework/Versions/A/Frameworks/SpeechRecognition.framework/Versions/A/SpeechRecognition
0x0000000009e7c000 	/usr/lib/libauto.dylib
0x0000000009e7c000 	/usr/lib/libicucore.A.dylib
0x0000000009e7c000 	/usr/lib/libxml2.2.dylib
0x0000000009e7c000 	/System/Library/PrivateFrameworks/CoreUI.framework/Versions/A/CoreUI
0x0000000009e7c000 	/System/Library/Frameworks/CoreAudio.framework/Versions/A/CoreAudio
0x0000000009e7c000 	/System/Library/Frameworks/DiskArbitration.framework/Versions/A/DiskArbitration
0x0000000009e7c000 	/usr/lib/liblangid.dylib
0x0000000009e7c000 	/System/Library/PrivateFrameworks/MultitouchSupport.framework/Versions/A/MultitouchSupport
0x0000000009e7c000 	/System/Library/Frameworks/IOKit.framework/Versions/A/IOKit
0x0000000009e7c000 	/usr/lib/libDiagnosticMessagesClient.dylib
0x0000000009e7c000 	/System/Library/Frameworks/CoreServices.framework/Versions/A/CoreServices
0x0000000009e7c000 	/System/Library/PrivateFrameworks/PerformanceAnalysis.framework/Versions/A/PerformanceAnalysis
0x0000000009e7c000 	/System/Library/PrivateFrameworks/GenerationalStorage.framework/Versions/A/GenerationalStorage
0x0000000009e7c000 	/System/Library/Frameworks/OpenGL.framework/Versions/A/OpenGL
0x0000000009e7c000 	/System/Library/PrivateFrameworks/Sharing.framework/Versions/A/Sharing
0x0000000009e7c000 	/System/Library/Frameworks/CoreGraphics.framework/Versions/A/CoreGraphics
0x0000000009e7c000 	/System/Library/Frameworks/CoreImage.framework/Versions/A/CoreImage
0x0000000009e7c000 	/System/Library/Frameworks/CoreText.framework/Versions/A/CoreText
0x0000000009e7c000 	/System/Library/Frameworks/ImageIO.framework/Versions/A/ImageIO
0x0000000009e7c000 	/System/Library/PrivateFrameworks/Backup.framework/Versions/A/Backup
0x0000000009e7c000 	/usr/lib/libextension.dylib
0x0000000009e7c000 	/usr/lib/libarchive.2.dylib
0x0000000009e7c000 	/System/Library/Frameworks/CFNetwork.framework/Versions/A/CFNetwork
0x0000000009e7c000 	/System/Library/Frameworks/SystemConfiguration.framework/Versions/A/SystemConfiguration
0x0000000009e7c000 	/usr/lib/libCRFSuite.dylib
0x0000000009e7c000 	/usr/lib/libc++.1.dylib
0x0000000009e7c000 	/usr/lib/libc++abi.dylib
0x0000000009e7c000 	/usr/lib/system/libcache.dylib
0x0000000009e7c000 	/usr/lib/system/libcommonCrypto.dylib
0x0000000009e7c000 	/usr/lib/system/libcompiler_rt.dylib
0x0000000009e7c000 	/usr/lib/system/libcopyfile.dylib
0x0000000009e7c000 	/usr/lib/system/libcorecrypto.dylib
0x0000000009e7c000 	/usr/lib/system/libdispatch.dylib
0x0000000009e7c000 	/usr/lib/system/libdyld.dylib
0x0000000009e7c000 	/usr/lib/system/libkeymgr.dylib
0x0000000009e7c000 	/usr/lib/system/liblaunch.dylib
0x0000000009e7c000 	/usr/lib/system/libmacho.dylib
0x0000000009e7c000 	/usr/lib/system/libquarantine.dylib
0x0000000009e7c000 	/usr/lib/system/libremovefile.dylib
0x0000000009e7c000 	/usr/lib/system/libsystem_asl.dylib
0x0000000009e7c000 	/usr/lib/system/libsystem_blocks.dylib
0x0000000009e7c000 	/usr/lib/system/libsystem_c.dylib
0x0000000009e7c000 	/usr/lib/system/libsystem_configuration.dylib
0x0000000009e7c000 	/usr/lib/system/libsystem_coreservices.dylib
0x0000000009e7c000 	/usr/lib/system/libsystem_coretls.dylib
0x0000000009e7c000 	/usr/lib/system/libsystem_dnssd.dylib
0x0000000009e7c000 	/usr/lib/system/libsystem_info.dylib
0x0000000009e7c000 	/usr/lib/system/libsystem_kernel.dylib
0x0000000009e7c000 	/usr/lib/system/libsystem_m.dylib
0x0000000009e7c000 	/usr/lib/system/libsystem_malloc.dylib
0x0000000009e7c000 	/usr/lib/system/libsystem_network.dylib
0x0000000009e7c000 	/usr/lib/system/libsystem_networkextension.dylib
0x0000000009e7c000 	/usr/lib/system/libsystem_notify.dylib
0x0000000009e7c000 	/usr/lib/system/libsystem_platform.dylib
0x0000000009e7c000 	/usr/lib/system/libsystem_pthread.dylib
0x0000000009e7c000 	/usr/lib/system/libsystem_sandbox.dylib
0x0000000009e7c000 	/usr/lib/system/libsystem_secinit.dylib
0x0000000009e7c000 	/usr/lib/system/libsystem_trace.dylib
0x0000000009e7c000 	/usr/lib/system/libunc.dylib
0x0000000009e7c000 	/usr/lib/system/libunwind.dylib
0x0000000009e7c000 	/usr/lib/system/libxpc.dylib
0x0000000009e7c000 	/usr/lib/libenergytrace.dylib
0x0000000009e7c000 	/usr/lib/libbsm.0.dylib
0x0000000009e7c000 	/usr/lib/system/libkxld.dylib
0x0000000009e7c000 	/usr/lib/libxar.1.dylib
0x0000000009e7c000 	/usr/lib/libsqlite3.dylib
0x0000000009e7c000 	/usr/lib/libpam.2.dylib
0x0000000009e7c000 	/usr/lib/libOpenScriptingUtil.dylib
0x0000000009e7c000 	/usr/lib/libbz2.1.0.dylib
0x0000000009e7c000 	/usr/lib/liblzma.5.dylib
0x0000000009e7c000 	/System/Library/Frameworks/CoreServices.framework/Versions/A/Frameworks/FSEvents.framework/Versions/A/FSEvents
0x0000000009e7c000 	/System/Library/Frameworks/CoreServices.framework/Versions/A/Frameworks/CarbonCore.framework/Versions/A/CarbonCore
0x0000000009e7c000 	/System/Library/Frameworks/CoreServices.framework/Versions/A/Frameworks/Metadata.framework/Versions/A/Metadata
0x0000000009e7c000 	/System/Library/Frameworks/CoreServices.framework/Versions/A/Frameworks/OSServices.framework/Versions/A/OSServices
0x0000000009e7c000 	/System/Library/Frameworks/CoreServices.framework/Versions/A/Frameworks/SearchKit.framework/Versions/A/SearchKit
0x0000000009e7c000 	/System/Library/Frameworks/CoreServices.framework/Versions/A/Frameworks/AE.framework/Versions/A/AE
0x0000000009e7c000 	/System/Library/Frameworks/CoreServices.framework/Versions/A/Frameworks/LaunchServices.framework/Versions/A/LaunchServices
0x0000000009e7c000 	/System/Library/Frameworks/CoreServices.framework/Versions/A/Frameworks/DictionaryServices.framework/Versions/A/DictionaryServices
0x0000000009e7c000 	/System/Library/Frameworks/CoreServices.framework/Versions/A/Frameworks/SharedFileList.framework/Versions/A/SharedFileList
0x0000000009e7c000 	/System/Library/Frameworks/NetFS.framework/Versions/A/NetFS
0x0000000009e7c000 	/System/Library/PrivateFrameworks/NetAuth.framework/Versions/A/NetAuth
0x0000000009e7c000 	/System/Library/PrivateFrameworks/login.framework/Versions/A/Frameworks/loginsupport.framework/Versions/A/loginsupport
0x0000000009e7c000 	/System/Library/PrivateFrameworks/TCC.framework/Versions/A/TCC
0x0000000009e7c000 	/usr/lib/libmecabra.dylib
0x0000000009e7c000 	/System/Library/Frameworks/ApplicationServices.framework/Versions/A/Frameworks/ATS.framework/Versions/A/ATS
0x0000000009e7c000 	/System/Library/Frameworks/ApplicationServices.framework/Versions/A/Frameworks/ColorSync.framework/Versions/A/ColorSync
0x0000000009e7c000 	/System/Library/Frameworks/ApplicationServices.framework/Versions/A/Frameworks/HIServices.framework/Versions/A/HIServices
0x0000000009e7c000 	/System/Library/Frameworks/ApplicationServices.framework/Versions/A/Frameworks/LangAnalysis.framework/Versions/A/LangAnalysis
0x0000000009e7c000 	/System/Library/Frameworks/ApplicationServices.framework/Versions/A/Frameworks/PrintCore.framework/Versions/A/PrintCore
0x0000000009e7c000 	/System/Library/Frameworks/ApplicationServices.framework/Versions/A/Frameworks/QD.framework/Versions/A/QD
0x0000000009e7c000 	/System/Library/Frameworks/ApplicationServices.framework/Versions/A/Frameworks/SpeechSynthesis.framework/Versions/A/SpeechSynthesis
0x0000000009e7c000 	/System/Library/Frameworks/Metal.framework/Versions/A/Metal
0x0000000009e7c000 	/System/Library/Frameworks/Accelerate.framework/Versions/A/Frameworks/vImage.framework/Versions/A/vImage
0x0000000009e7c000 	/System/Library/Frameworks/Accelerate.framework/Versions/A/Frameworks/vecLib.framework/Versions/A/vecLib
0x0000000009e7c000 	/System/Library/Frameworks/Accelerate.framework/Versions/A/Frameworks/vecLib.framework/Versions/A/libvDSP.dylib
0x0000000009e7c000 	/System/Library/Frameworks/Accelerate.framework/Versions/A/Frameworks/vecLib.framework/Versions/A/libvMisc.dylib
0x0000000009e7c000 	/System/Library/Frameworks/Accelerate.framework/Versions/A/Frameworks/vecLib.framework/Versions/A/libLAPACK.dylib
0x0000000009e7c000 	/System/Library/Frameworks/Accelerate.framework/Versions/A/Frameworks/vecLib.framework/Versions/A/libBLAS.dylib
0x0000000009e7c000 	/System/Library/Frameworks/Accelerate.framework/Versions/A/Frameworks/vecLib.framework/Versions/A/libLinearAlgebra.dylib
0x0000000009e7c000 	/System/Library/Frameworks/Accelerate.framework/Versions/A/Frameworks/vecLib.framework/Versions/A/libSparseBLAS.dylib
0x0000000009e7c000 	/System/Library/PrivateFrameworks/GPUCompiler.framework/libmetal_timestamp.dylib
0x0000000009e7c000 	/System/Library/Frameworks/OpenGL.framework/Versions/A/Libraries/libCoreFSCache.dylib
0x0000000009e7c000 	/System/Library/PrivateFrameworks/IOAccelerator.framework/Versions/A/IOAccelerator
0x0000000009e7c000 	/System/Library/Frameworks/ApplicationServices.framework/Versions/A/Frameworks/ATS.framework/Versions/A/Resources/libFontParser.dylib
0x0000000009e7c000 	/System/Library/Frameworks/ApplicationServices.framework/Versions/A/Frameworks/ATS.framework/Versions/A/Resources/libFontRegistry.dylib
0x0000000009e7c000 	/System/Library/PrivateFrameworks/AppleVPA.framework/Versions/A/AppleVPA
0x0000000009e7c000 	/System/Library/PrivateFrameworks/AppleJPEG.framework/Versions/A/AppleJPEG
0x0000000009e7c000 	/System/Library/Frameworks/ImageIO.framework/Versions/A/Resources/libJPEG.dylib
0x0000000009e7c000 	/System/Library/Frameworks/ImageIO.framework/Versions/A/Resources/libTIFF.dylib
0x0000000009e7c000 	/System/Library/Frameworks/ImageIO.framework/Versions/A/Resources/libPng.dylib
0x0000000009e7c000 	/System/Library/Frameworks/ImageIO.framework/Versions/A/Resources/libGIF.dylib
0x0000000009e7c000 	/System/Library/Frameworks/ImageIO.framework/Versions/A/Resources/libJP2.dylib
0x0000000009e7c000 	/System/Library/Frameworks/ImageIO.framework/Versions/A/Resources/libRadiance.dylib
0x0000000009e7c000 	/System/Library/Frameworks/CoreVideo.framework/Versions/A/CoreVideo
0x0000000009e7c000 	/System/Library/Frameworks/OpenGL.framework/Versions/A/Libraries/libGLU.dylib
0x0000000009e7c000 	/System/Library/Frameworks/OpenGL.framework/Versions/A/Libraries/libGFXShared.dylib
0x0000000009e7c000 	/System/Library/Frameworks/OpenGL.framework/Versions/A/Libraries/libGL.dylib
0x0000000009e7c000 	/System/Library/Frameworks/OpenGL.framework/Versions/A/Libraries/libGLImage.dylib
0x0000000009e7c000 	/System/Library/Frameworks/OpenGL.framework/Versions/A/Libraries/libCVMSPluginSupport.dylib
0x0000000009e7c000 	/System/Library/Frameworks/OpenGL.framework/Versions/A/Libraries/libCoreVMClient.dylib
0x0000000009e7c000 	/usr/lib/libcompression.dylib
0x0000000009e7c000 	/usr/lib/libcups.2.dylib
0x0000000009e7c000 	/System/Library/Frameworks/Kerberos.framework/Versions/A/Kerberos
0x0000000009e7c000 	/System/Library/Frameworks/GSS.framework/Versions/A/GSS
0x0000000009e7c000 	/usr/lib/libresolv.9.dylib
0x0000000009e7c000 	/usr/lib/libiconv.2.dylib
0x0000000009e7c000 	/System/Library/PrivateFrameworks/Heimdal.framework/Versions/A/Heimdal
0x0000000009e7c000 	/usr/lib/libheimdal-asn1.dylib
0x0000000009e7c000 	/System/Library/Frameworks/OpenDirectory.framework/Versions/A/OpenDirectory
0x0000000009e7c000 	/System/Library/PrivateFrameworks/CommonAuth.framework/Versions/A/CommonAuth
0x0000000009e7c000 	/System/Library/Frameworks/OpenDirectory.framework/Versions/A/Frameworks/CFOpenDirectory.framework/Versions/A/CFOpenDirectory
0x0000000009e7c000 	/System/Library/Frameworks/SecurityFoundation.framework/Versions/A/SecurityFoundation
0x0000000009e7c000 	/System/Library/PrivateFrameworks/LanguageModeling.framework/Versions/A/LanguageModeling
0x0000000009e7c000 	/usr/lib/libmarisa.dylib
0x0000000009e7c000 	/usr/lib/libChineseTokenizer.dylib
0x0000000009e7c000 	/usr/lib/libcmph.dylib
0x0000000009e7c000 	/System/Library/Frameworks/ServiceManagement.framework/Versions/A/ServiceManagement
0x0000000009e7c000 	/usr/lib/libxslt.1.dylib
0x0000000009e7c000 	/System/Library/Frameworks/Carbon.framework/Versions/A/Frameworks/Ink.framework/Versions/A/Ink
0x0000000009e7c000 	/usr/lib/libFosl_dynamic.dylib
0x0000000009e7c000 	/System/Library/PrivateFrameworks/FaceCore.framework/Versions/A/FaceCore
0x0000000009e7c000 	/System/Library/Frameworks/OpenCL.framework/Versions/A/OpenCL
0x0000000009e7c000 	/System/Library/PrivateFrameworks/CrashReporterSupport.framework/Versions/A/CrashReporterSupport
0x0000000009e7c000 	/System/Library/PrivateFrameworks/IconServices.framework/Versions/A/IconServices
0x0000000009e7c000 	/System/Library/PrivateFrameworks/Apple80211.framework/Versions/A/Apple80211
0x0000000009e7c000 	/System/Library/Frameworks/CoreWLAN.framework/Versions/A/CoreWLAN
0x0000000009e7c000 	/System/Library/Frameworks/IOBluetooth.framework/Versions/A/IOBluetooth
0x0000000009e7c000 	/System/Library/PrivateFrameworks/CoreWiFi.framework/Versions/A/CoreWiFi
0x0000000009e7c000 	/System/Library/Frameworks/CoreBluetooth.framework/Versions/A/CoreBluetooth
0x0000000009e7c000 	/System/Library/PrivateFrameworks/ChunkingLibrary.framework/Versions/A/ChunkingLibrary
0x0000000009e7c000 	/System/Library/PrivateFrameworks/DebugSymbols.framework/Versions/A/DebugSymbols
0x0000000009e7c000 	/System/Library/PrivateFrameworks/CoreSymbolication.framework/Versions/A/CoreSymbolication
0x0000000009e7c000 	/System/Library/PrivateFrameworks/Symbolication.framework/Versions/A/Symbolication
0x0000000009e7c000 	/System/Library/PrivateFrameworks/SpeechRecognitionCore.framework/Versions/A/SpeechRecognitionCore
0x000000010aa00000 	/Library/Java/JavaVirtualMachines/jdk1.8.0_51.jdk/Contents/Home/jre/lib/server/libjvm.dylib
0x0000000009e7c000 	/usr/lib/libstdc++.6.dylib
0x000000010a13d000 	/Library/Java/JavaVirtualMachines/jdk1.8.0_51.jdk/Contents/Home/jre/lib/libverify.dylib
0x000000010a14b000 	/Library/Java/JavaVirtualMachines/jdk1.8.0_51.jdk/Contents/Home/jre/lib/libjava.dylib
0x000000010a18a000 	/Library/Java/JavaVirtualMachines/jdk1.8.0_51.jdk/Contents/Home/jre/lib/libzip.dylib
0x000000010a1e4000 	/System/Library/Frameworks/JavaVM.framework/Frameworks/JavaRuntimeSupport.framework/JavaRuntimeSupport
0x000000012127c000 	/System/Library/Frameworks/JavaVM.framework/Versions/A/Frameworks/JavaNativeFoundation.framework/Versions/A/JavaNativeFoundation
0x0000000121291000 	/System/Library/Frameworks/JavaVM.framework/Versions/A/JavaVM
0x0000000009e7c000 	/System/Library/Frameworks/Carbon.framework/Versions/A/Carbon
0x000000012129e000 	/System/Library/PrivateFrameworks/JavaLaunching.framework/Versions/A/JavaLaunching
0x0000000009e7c000 	/System/Library/Frameworks/Carbon.framework/Versions/A/Frameworks/CommonPanels.framework/Versions/A/CommonPanels
0x0000000009e7c000 	/System/Library/Frameworks/Carbon.framework/Versions/A/Frameworks/Help.framework/Versions/A/Help
0x0000000009e7c000 	/System/Library/Frameworks/Carbon.framework/Versions/A/Frameworks/ImageCapture.framework/Versions/A/ImageCapture
0x0000000009e7c000 	/System/Library/Frameworks/Carbon.framework/Versions/A/Frameworks/OpenScripting.framework/Versions/A/OpenScripting
0x0000000009e7c000 	/System/Library/Frameworks/Carbon.framework/Versions/A/Frameworks/Print.framework/Versions/A/Print
0x0000000009e7c000 	/System/Library/Frameworks/Carbon.framework/Versions/A/Frameworks/SecurityHI.framework/Versions/A/SecurityHI
0x0000000122c1e000 	/Library/Java/JavaVirtualMachines/jdk1.8.0_51.jdk/Contents/Home/jre/lib/libawt.dylib
0x0000000122cc6000 	/Library/Java/JavaVirtualMachines/jdk1.8.0_51.jdk/Contents/Home/jre/lib/./libmlib_image.dylib
0x0000000122d92000 	/Library/Java/JavaVirtualMachines/jdk1.8.0_51.jdk/Contents/Home/jre/lib/libawt_lwawt.dylib
0x0000000122e46000 	/Library/Java/JavaVirtualMachines/jdk1.8.0_51.jdk/Contents/Home/jre/lib/./libosxapp.dylib
0x0000000009e7c000 	/System/Library/Frameworks/ExceptionHandling.framework/Versions/A/ExceptionHandling
0x0000000009e7c000 	/System/Library/PrivateFrameworks/CoreServicesInternal.framework/Versions/A/CoreServicesInternal
0x0000000009e7c000 	/System/Library/Frameworks/CoreGraphics.framework/Versions/A/Resources/libRIP.A.dylib
0x0000000009e7c000 	/System/Library/Frameworks/Accelerate.framework/Versions/A/Frameworks/vImage.framework/Versions/A/Libraries/libCGInterfaces.dylib
0x0000000009e7c000 	/System/Library/Frameworks/CoreGraphics.framework/Versions/A/Resources/libCGXType.A.dylib
0x0000000009e7c000 	/System/Library/Frameworks/OpenCL.framework/Versions/A/Libraries/libcldcpuengine.dylib
0x0000000009e7c000 	/System/Library/PrivateFrameworks/DiskImages.framework/Versions/A/DiskImages
0x0000000009e7c000 	/System/Library/Frameworks/DiscRecording.framework/Versions/A/DiscRecording
0x0000000009e7c000 	/usr/lib/libcsfde.dylib
0x0000000009e7c000 	/usr/lib/libcurl.4.dylib
0x0000000009e7c000 	/System/Library/PrivateFrameworks/MediaKit.framework/Versions/A/MediaKit
0x0000000009e7c000 	/System/Library/PrivateFrameworks/ProtectedCloudStorage.framework/Versions/A/ProtectedCloudStorage
0x0000000009e7c000 	/usr/lib/libCoreStorage.dylib
0x0000000009e7c000 	/System/Library/PrivateFrameworks/EFILogin.framework/Versions/A/EFILogin
0x0000000009e7c000 	/usr/lib/libutil.dylib
0x0000000009e7c000 	/System/Library/PrivateFrameworks/FindMyDevice.framework/Versions/A/FindMyDevice
0x0000000009e7c000 	/System/Library/Frameworks/LDAP.framework/Versions/A/LDAP
0x0000000009e7c000 	/usr/lib/libsasl2.2.dylib
0x0000000009e7c000 	/System/Library/PrivateFrameworks/CoreDaemon.framework/Versions/B/CoreDaemon
0x0000000009e7c000 	/usr/lib/libcrypto.0.9.8.dylib
0x0000000009e7c000 	/System/Library/PrivateFrameworks/AppleSRP.framework/Versions/A/AppleSRP
0x0000000009e7c000 	/System/Library/PrivateFrameworks/TrustEvaluationAgent.framework/Versions/A/TrustEvaluationAgent
0x00000001239d0000 	cl_kernels
0x0000000009e7c000 	/System/Library/Frameworks/OpenCL.framework/Versions/A/Libraries/ImageFormats/unorm8_bgra.dylib
0x0000000009e7c000 	/System/Library/Frameworks/OpenCL.framework/Versions/A/Libraries/ImageFormats/unorm8_rgba.dylib
0x0000000009e7c000 	/System/Library/PrivateFrameworks/FamilyControls.framework/Versions/A/FamilyControls
0x0000000009e7c000 	/System/Library/PrivateFrameworks/CommerceKit.framework/Versions/A/Frameworks/CommerceCore.framework/Versions/A/CommerceCore
0x0000000009e7c000 	/System/Library/PrivateFrameworks/SystemAdministration.framework/Versions/A/SystemAdministration
0x0000000009e7c000 	/System/Library/PrivateFrameworks/AppContainer.framework/Versions/A/AppContainer
0x0000000009e7c000 	/System/Library/PrivateFrameworks/SecCodeWrapper.framework/Versions/A/SecCodeWrapper
0x0000000009e7c000 	/System/Library/Frameworks/DirectoryService.framework/Versions/A/DirectoryService
0x0000000009e7c000 	/System/Library/PrivateFrameworks/LoginUIKit.framework/Versions/A/Frameworks/LoginUICore.framework/Versions/A/LoginUICore
0x0000000009e7c000 	/usr/lib/libodfde.dylib
0x0000000125727000 	/Library/Java/JavaVirtualMachines/jdk1.8.0_51.jdk/Contents/Home/jre/lib/libfontmanager.dylib
0x000000012578e000 	/Users/valandra88/Desktop/Java/slick/liblwjgl.dylib
0x00000001237f0000 	/Library/Java/JavaVirtualMachines/jdk1.8.0_51.jdk/Contents/Home/jre/lib/libjawt.dylib
0x0000000009e7c000 	/System/Library/Frameworks/OpenGL.framework/Versions/A/Resources/GLEngine.bundle/GLEngine
0x0000000009e7c000 	/System/Library/Frameworks/OpenGL.framework/Versions/A/Libraries/libGLProgrammability.dylib
0x0000000125810000 	/System/Library/Extensions/AppleIntelHD3000GraphicsGLDriver.bundle/Contents/MacOS/AppleIntelHD3000GraphicsGLDriver
0x0000000009e7c000 	/System/Library/PrivateFrameworks/GPUSupport.framework/Versions/A/Libraries/libGPUSupport.dylib
0x0000000009e7c000 	/System/Library/Frameworks/OpenGL.framework/Versions/A/Resources/GLRendererFloat.bundle/GLRendererFloat
0x0000000123a1c000 	/Users/valandra88/Desktop/Java/slick/libjinput-osx.dylib
0x00000001267f6000 	/System/Library/Extensions/IOHIDFamily.kext/Contents/PlugIns/IOHIDLib.plugin/Contents/MacOS/IOHIDLib

VM Arguments:
jvm_args: -Djava.library.path=/Users/valandra88/Desktop/Java/slick -Dfile.encoding=UTF-8 
java_command: slicktest.TutorialGame
java_class_path (initial): /Users/valandra88/Desktop/JProjects/g3/team-project/bin:/Users/valandra88/Desktop/Java/slick/lib/jinput.jar:/Users/valandra88/Desktop/Java/slick/lib/lwjgl_util.jar:/Users/valandra88/Desktop/Java/slick/lib/lwjgl.jar:/Users/valandra88/Desktop/Java/slick/lib/slick.jar
Launcher Type: SUN_STANDARD

Environment Variables:
PATH=/usr/bin:/bin:/usr/sbin:/sbin
SHELL=/bin/bash
DISPLAY=/private/tmp/com.apple.launchd.Rg404KY7FY/org.macosforge.xquartz:0

Signal Handlers:
SIGSEGV: [libjvm.dylib+0x58ef35], sa_mask[0]=11111111011111110111111111111111, sa_flags=SA_ONSTACK|SA_RESTART|SA_SIGINFO
SIGBUS: [libjvm.dylib+0x58ef35], sa_mask[0]=11111111011111110111111111111111, sa_flags=SA_RESTART|SA_SIGINFO
SIGFPE: [libjvm.dylib+0x46c028], sa_mask[0]=11111111011111110111111111111111, sa_flags=SA_RESTART|SA_SIGINFO
SIGPIPE: [libjvm.dylib+0x46c028], sa_mask[0]=11111111011111110111111111111111, sa_flags=SA_RESTART|SA_SIGINFO
SIGXFSZ: [libjvm.dylib+0x46c028], sa_mask[0]=11111111011111110111111111111111, sa_flags=SA_RESTART|SA_SIGINFO
SIGILL: [libjvm.dylib+0x46c028], sa_mask[0]=11111111011111110111111111111111, sa_flags=SA_RESTART|SA_SIGINFO
SIGUSR1: SIG_DFL, sa_mask[0]=00000000000000000000000000000000, sa_flags=none
SIGUSR2: [libjvm.dylib+0x46bb46], sa_mask[0]=00100000000000000000000000000000, sa_flags=SA_RESTART|SA_SIGINFO
SIGHUP: [libjvm.dylib+0x46a119], sa_mask[0]=11111111011111110111111111111111, sa_flags=SA_RESTART|SA_SIGINFO
SIGINT: [libjvm.dylib+0x46a119], sa_mask[0]=11111111011111110111111111111111, sa_flags=SA_RESTART|SA_SIGINFO
SIGTERM: [libjvm.dylib+0x46a119], sa_mask[0]=11111111011111110111111111111111, sa_flags=SA_RESTART|SA_SIGINFO
SIGQUIT: [libjvm.dylib+0x46a119], sa_mask[0]=11111111011111110111111111111111, sa_flags=SA_RESTART|SA_SIGINFO


---------------  S Y S T E M  ---------------

OS:Bsduname:Darwin 15.5.0 Darwin Kernel Version 15.5.0: Tue Apr 19 18:36:36 PDT 2016; root:xnu-3248.50.21~8/RELEASE_X86_64 x86_64
rlimit: STACK 8192k, CORE 0k, NPROC 709, NOFILE 10240, AS infinity
load average:1.55 1.80 1.79

CPU:total 4 (2 cores per cpu, 2 threads per core) family 6 model 42 stepping 7, cmov, cx8, fxsr, mmx, sse, sse2, sse3, ssse3, sse4.1, sse4.2, popcnt, avx, aes, clmul, ht, tsc, tscinvbit

Memory: 4k page, physical 8388608k(500424k free)

/proc/meminfo:


vm_info: Java HotSpot(TM) 64-Bit Server VM (25.51-b03) for bsd-amd64 JRE (1.8.0_51-b16), built on Jun  8 2015 18:01:11 by "java_re" with gcc 4.2.1 (Based on Apple Inc. build 5658) (LLVM build 2336.11.00)

time: Sat Jan 21 23:26:18 2017
elapsed time: 4 seconds (0d 0h 0m 4s)

